
No compatibility mode selected!


Circuit: * /home/dilip/esim-workspace/mixed_signal_based_buck_converter/mixed_signal_based_buck_converter.cir

Reducing trtol to 1 for xspice 'A' devices
Doing analysis at TEMP = 27.000000 and TNOM = 27.000000

Warning: v1: no DC value, transient time 0 value used
=============pwm : New Iteration===========
Instance : 0

Inside foo before eval.....
clk=0
out=0

Inside foo after eval.....
clk=0
out=1
=============pwm : New Iteration===========
Instance : 0

Inside foo before eval.....
clk=0
out=1

Inside foo after eval.....
clk=0
out=1

Initial Transient Solution
--------------------------

Node                                   Voltage
----                                   -------
vin                                         25
net-_q1-pad2_                                5
net-_d1-pad2_                          4.38178
vout                                   4.38178
clk                                          0
l1#branch                          0.000438178
v1#branch                                    0
v2#branch                         -0.000436454
a2#branch_1_0                      -2.1145e-06

=============pwm : New Iteration===========
Instance : 0

Inside foo before eval.....
clk=0
out=1

Inside foo after eval.....
clk=1
out=1
=============pwm : New Iteration===========
Instance : 0

Inside foo before eval.....
clk=1
out=1

Inside foo after eval.....
clk=1
out=1

No. of Data Rows : 6631
ERROR: (internal)  This operation is not defined for display type PrinterOnly.
Can't open viewport for graphics.
ERROR: (internal)  This operation is not defined for display type PrinterOnly.
Can't open viewport for graphics.
ERROR: (internal)  This operation is not defined for display type PrinterOnly.
Can't open viewport for graphics.
binary raw file "/home/dilip/eSim-Workspace/Mixed_Signal_Based_Buck_Converter/Mixed_Signal_Based_Buck_Converter.raw"
Reducing trtol to 1 for xspice 'A' devices
Doing analysis at TEMP = 27.000000 and TNOM = 27.000000

Warning: v1: no DC value, transient time 0 value used
No. of Data Columns : 11  
=============pwm : New Iteration===========
Instance : 1

Inside foo before eval.....
clk=0
out=0

Inside foo after eval.....
clk=0
out=1
=============pwm : New Iteration===========
Instance : 1

Inside foo before eval.....
clk=0
out=1

Inside foo after eval.....
clk=0
out=1

Initial Transient Solution
--------------------------

Node                                   Voltage
----                                   -------
vin                                         25
net-_q1-pad2_                                5
net-_d1-pad2_                          4.38178
vout                                   4.38178
clk                                          0
l1#branch                          0.000438178
v1#branch                                    0
v2#branch                         -0.000436454
a2#branch_1_0                      -2.1145e-06

=============pwm : New Iteration===========
Instance : 1

Inside foo before eval.....
clk=0
out=1

Inside foo after eval.....
clk=1
out=1
=============pwm : New Iteration===========
Instance : 1

Inside foo before eval.....
clk=1
out=1

Inside foo after eval.....
clk=1
out=1

No. of Data Rows : 6631

Total analysis time (seconds) = 0.243043

Total CPU time (seconds) = 0.419 

Total DRAM available = 3836.711 MB.
DRAM currently available =  177.711 MB.
Maximum ngspice program size =   29.520 MB.
Current ngspice program size =   13.293 MB.

Shared ngspice pages =    8.910 MB.
Text (code) pages =    4.953 MB.
Stack = 0 bytes.
Library pages =    4.621 MB.

